<?xml version="1.0" encoding="UTF-8"?>
<!-- Generated by org.testng.reporters.JUnitReportReporter -->
<testsuite hostname="DESKTOP-PG3TOV3" failures="0" tests="2" name="com.Test1.main.TestClass" time="9.258" errors="0" timestamp="2023-12-23T16:31:18 IST" skipped="0">
  <testcase classname="com.Test1.main.TestClass" name="openURL" time="9.211"/>
  <system-out/>
  <testcase classname="com.Test1.main.TestClass" name="clickexample" time="0.047"/>
  <system-out/>
</testsuite> <!-- com.Test1.main.TestClass -->
